<?xml version="1.0" encoding="UTF-8"?>
<testsuite xmlns:xsi="http://www.w3.org/2001/XMLSchema-instance" xsi:noNamespaceSchemaLocation="https://maven.apache.org/surefire/maven-surefire-plugin/xsd/surefire-test-report-3.0.xsd" version="3.0" name="Runner.RunnerTest" time="78.56" tests="8" errors="0" skipped="0" failures="0">
  <properties>
    <property name="sun.desktop" value="windows"/>
    <property name="awt.toolkit" value="sun.awt.windows.WToolkit"/>
    <property name="java.specification.version" value="11"/>
    <property name="sun.cpu.isalist" value="amd64"/>
    <property name="sun.jnu.encoding" value="Cp1252"/>
    <property name="java.class.path" value="C:\Users\ASUS\eclipse-workspace\CucumberJava\target\test-classes;C:\Users\ASUS\eclipse-workspace\CucumberJava\target\classes;C:\Users\ASUS\.m2\repository\io\cucumber\cucumber-java\7.17.0\cucumber-java-7.17.0.jar;C:\Users\ASUS\.m2\repository\io\cucumber\cucumber-core\7.17.0\cucumber-core-7.17.0.jar;C:\Users\ASUS\.m2\repository\io\cucumber\cucumber-gherkin\7.17.0\cucumber-gherkin-7.17.0.jar;C:\Users\ASUS\.m2\repository\io\cucumber\cucumber-gherkin-messages\7.17.0\cucumber-gherkin-messages-7.17.0.jar;C:\Users\ASUS\.m2\repository\io\cucumber\gherkin\28.0.0\gherkin-28.0.0.jar;C:\Users\ASUS\.m2\repository\io\cucumber\messages\24.1.0\messages-24.1.0.jar;C:\Users\ASUS\.m2\repository\io\cucumber\testng-xml-formatter\0.1.0\testng-xml-formatter-0.1.0.jar;C:\Users\ASUS\.m2\repository\io\cucumber\query\12.1.2\query-12.1.2.jar;C:\Users\ASUS\.m2\repository\io\cucumber\tag-expressions\6.1.0\tag-expressions-6.1.0.jar;C:\Users\ASUS\.m2\repository\io\cucumber\cucumber-expressions\17.1.0\cucumber-expressions-17.1.0.jar;C:\Users\ASUS\.m2\repository\io\cucumber\datatable\7.17.0\datatable-7.17.0.jar;C:\Users\ASUS\.m2\repository\io\cucumber\cucumber-plugin\7.17.0\cucumber-plugin-7.17.0.jar;C:\Users\ASUS\.m2\repository\io\cucumber\docstring\7.17.0\docstring-7.17.0.jar;C:\Users\ASUS\.m2\repository\io\cucumber\html-formatter\21.3.1\html-formatter-21.3.1.jar;C:\Users\ASUS\.m2\repository\io\cucumber\junit-xml-formatter\0.4.0\junit-xml-formatter-0.4.0.jar;C:\Users\ASUS\.m2\repository\io\cucumber\ci-environment\10.0.1\ci-environment-10.0.1.jar;C:\Users\ASUS\.m2\repository\org\apiguardian\apiguardian-api\1.1.2\apiguardian-api-1.1.2.jar;C:\Users\ASUS\.m2\repository\io\cucumber\cucumber-junit\7.17.0\cucumber-junit-7.17.0.jar;C:\Users\ASUS\.m2\repository\junit\junit\4.13.2\junit-4.13.2.jar;C:\Users\ASUS\.m2\repository\org\hamcrest\hamcrest-core\1.3\hamcrest-core-1.3.jar;C:\Users\ASUS\.m2\repository\org\seleniumhq\selenium\selenium-java\4.20.0\selenium-java-4.20.0.jar;C:\Users\ASUS\.m2\repository\org\seleniumhq\selenium\selenium-api\4.20.0\selenium-api-4.20.0.jar;C:\Users\ASUS\.m2\repository\org\seleniumhq\selenium\selenium-chrome-driver\4.20.0\selenium-chrome-driver-4.20.0.jar;C:\Users\ASUS\.m2\repository\com\google\auto\service\auto-service-annotations\1.1.1\auto-service-annotations-1.1.1.jar;C:\Users\ASUS\.m2\repository\org\seleniumhq\selenium\selenium-chromium-driver\4.20.0\selenium-chromium-driver-4.20.0.jar;C:\Users\ASUS\.m2\repository\org\seleniumhq\selenium\selenium-json\4.20.0\selenium-json-4.20.0.jar;C:\Users\ASUS\.m2\repository\org\seleniumhq\selenium\selenium-manager\4.20.0\selenium-manager-4.20.0.jar;C:\Users\ASUS\.m2\repository\org\seleniumhq\selenium\selenium-devtools-v122\4.20.0\selenium-devtools-v122-4.20.0.jar;C:\Users\ASUS\.m2\repository\org\seleniumhq\selenium\selenium-devtools-v123\4.20.0\selenium-devtools-v123-4.20.0.jar;C:\Users\ASUS\.m2\repository\org\seleniumhq\selenium\selenium-devtools-v124\4.20.0\selenium-devtools-v124-4.20.0.jar;C:\Users\ASUS\.m2\repository\org\seleniumhq\selenium\selenium-devtools-v85\4.20.0\selenium-devtools-v85-4.20.0.jar;C:\Users\ASUS\.m2\repository\org\seleniumhq\selenium\selenium-edge-driver\4.20.0\selenium-edge-driver-4.20.0.jar;C:\Users\ASUS\.m2\repository\org\seleniumhq\selenium\selenium-firefox-driver\4.20.0\selenium-firefox-driver-4.20.0.jar;C:\Users\ASUS\.m2\repository\org\seleniumhq\selenium\selenium-http\4.20.0\selenium-http-4.20.0.jar;C:\Users\ASUS\.m2\repository\dev\failsafe\failsafe\3.3.2\failsafe-3.3.2.jar;C:\Users\ASUS\.m2\repository\org\seleniumhq\selenium\selenium-ie-driver\4.20.0\selenium-ie-driver-4.20.0.jar;C:\Users\ASUS\.m2\repository\org\seleniumhq\selenium\selenium-remote-driver\4.20.0\selenium-remote-driver-4.20.0.jar;C:\Users\ASUS\.m2\repository\com\google\guava\guava\33.1.0-jre\guava-33.1.0-jre.jar;C:\Users\ASUS\.m2\repository\com\google\guava\failureaccess\1.0.2\failureaccess-1.0.2.jar;C:\Users\ASUS\.m2\repository\com\google\guava\listenablefuture\9999.0-empty-to-avoid-conflict-with-guava\listenablefuture-9999.0-empty-to-avoid-conflict-with-guava.jar;C:\Users\ASUS\.m2\repository\com\google\code\findbugs\jsr305\3.0.2\jsr305-3.0.2.jar;C:\Users\ASUS\.m2\repository\org\checkerframework\checker-qual\3.42.0\checker-qual-3.42.0.jar;C:\Users\ASUS\.m2\repository\com\google\errorprone\error_prone_annotations\2.26.1\error_prone_annotations-2.26.1.jar;C:\Users\ASUS\.m2\repository\com\google\j2objc\j2objc-annotations\3.0.0\j2objc-annotations-3.0.0.jar;C:\Users\ASUS\.m2\repository\io\opentelemetry\semconv\opentelemetry-semconv\1.25.0-alpha\opentelemetry-semconv-1.25.0-alpha.jar;C:\Users\ASUS\.m2\repository\io\opentelemetry\opentelemetry-api\1.37.0\opentelemetry-api-1.37.0.jar;C:\Users\ASUS\.m2\repository\io\opentelemetry\opentelemetry-context\1.37.0\opentelemetry-context-1.37.0.jar;C:\Users\ASUS\.m2\repository\io\opentelemetry\opentelemetry-exporter-logging\1.37.0\opentelemetry-exporter-logging-1.37.0.jar;C:\Users\ASUS\.m2\repository\io\opentelemetry\opentelemetry-sdk-common\1.37.0\opentelemetry-sdk-common-1.37.0.jar;C:\Users\ASUS\.m2\repository\io\opentelemetry\opentelemetry-sdk-extension-autoconfigure-spi\1.37.0\opentelemetry-sdk-extension-autoconfigure-spi-1.37.0.jar;C:\Users\ASUS\.m2\repository\io\opentelemetry\opentelemetry-sdk-extension-autoconfigure\1.37.0\opentelemetry-sdk-extension-autoconfigure-1.37.0.jar;C:\Users\ASUS\.m2\repository\io\opentelemetry\opentelemetry-api-incubator\1.37.0-alpha\opentelemetry-api-incubator-1.37.0-alpha.jar;C:\Users\ASUS\.m2\repository\io\opentelemetry\opentelemetry-sdk-trace\1.37.0\opentelemetry-sdk-trace-1.37.0.jar;C:\Users\ASUS\.m2\repository\io\opentelemetry\opentelemetry-sdk\1.37.0\opentelemetry-sdk-1.37.0.jar;C:\Users\ASUS\.m2\repository\io\opentelemetry\opentelemetry-sdk-metrics\1.37.0\opentelemetry-sdk-metrics-1.37.0.jar;C:\Users\ASUS\.m2\repository\io\opentelemetry\opentelemetry-sdk-logs\1.37.0\opentelemetry-sdk-logs-1.37.0.jar;C:\Users\ASUS\.m2\repository\net\bytebuddy\byte-buddy\1.14.14\byte-buddy-1.14.14.jar;C:\Users\ASUS\.m2\repository\org\seleniumhq\selenium\selenium-os\4.20.0\selenium-os-4.20.0.jar;C:\Users\ASUS\.m2\repository\org\apache\commons\commons-exec\1.4.0\commons-exec-1.4.0.jar;C:\Users\ASUS\.m2\repository\org\seleniumhq\selenium\selenium-safari-driver\4.20.0\selenium-safari-driver-4.20.0.jar;C:\Users\ASUS\.m2\repository\org\seleniumhq\selenium\selenium-support\4.20.0\selenium-support-4.20.0.jar;C:\Users\ASUS\.m2\repository\io\github\bonigarcia\webdrivermanager\5.8.0\webdrivermanager-5.8.0.jar;C:\Users\ASUS\.m2\repository\com\google\code\gson\gson\2.10.1\gson-2.10.1.jar;C:\Users\ASUS\.m2\repository\com\github\docker-java\docker-java\3.3.6\docker-java-3.3.6.jar;C:\Users\ASUS\.m2\repository\com\github\docker-java\docker-java-core\3.3.6\docker-java-core-3.3.6.jar;C:\Users\ASUS\.m2\repository\com\github\docker-java\docker-java-api\3.3.6\docker-java-api-3.3.6.jar;C:\Users\ASUS\.m2\repository\com\fasterxml\jackson\core\jackson-annotations\2.10.3\jackson-annotations-2.10.3.jar;C:\Users\ASUS\.m2\repository\com\fasterxml\jackson\core\jackson-databind\2.10.3\jackson-databind-2.10.3.jar;C:\Users\ASUS\.m2\repository\com\fasterxml\jackson\core\jackson-core\2.10.3\jackson-core-2.10.3.jar;C:\Users\ASUS\.m2\repository\org\bouncycastle\bcpkix-jdk18on\1.76\bcpkix-jdk18on-1.76.jar;C:\Users\ASUS\.m2\repository\org\bouncycastle\bcprov-jdk18on\1.76\bcprov-jdk18on-1.76.jar;C:\Users\ASUS\.m2\repository\org\bouncycastle\bcutil-jdk18on\1.76\bcutil-jdk18on-1.76.jar;C:\Users\ASUS\.m2\repository\org\slf4j\jcl-over-slf4j\1.7.30\jcl-over-slf4j-1.7.30.jar;C:\Users\ASUS\.m2\repository\com\github\docker-java\docker-java-transport-httpclient5\3.3.6\docker-java-transport-httpclient5-3.3.6.jar;C:\Users\ASUS\.m2\repository\com\github\docker-java\docker-java-transport\3.3.6\docker-java-transport-3.3.6.jar;C:\Users\ASUS\.m2\repository\net\java\dev\jna\jna\5.13.0\jna-5.13.0.jar;C:\Users\ASUS\.m2\repository\org\brotli\dec\0.1.2\dec-0.1.2.jar;C:\Users\ASUS\.m2\repository\org\apache\commons\commons-lang3\3.14.0\commons-lang3-3.14.0.jar;C:\Users\ASUS\.m2\repository\org\apache\commons\commons-compress\1.26.1\commons-compress-1.26.1.jar;C:\Users\ASUS\.m2\repository\commons-codec\commons-codec\1.16.1\commons-codec-1.16.1.jar;C:\Users\ASUS\.m2\repository\commons-io\commons-io\2.15.1\commons-io-2.15.1.jar;C:\Users\ASUS\.m2\repository\org\apache\httpcomponents\client5\httpclient5\5.2.1\httpclient5-5.2.1.jar;C:\Users\ASUS\.m2\repository\org\apache\httpcomponents\core5\httpcore5\5.2\httpcore5-5.2.jar;C:\Users\ASUS\.m2\repository\org\apache\httpcomponents\core5\httpcore5-h2\5.2\httpcore5-h2-5.2.jar;C:\Users\ASUS\.m2\repository\org\slf4j\slf4j-api\2.0.7\slf4j-api-2.0.7.jar;C:\Users\ASUS\.m2\repository\org\slf4j\slf4j-simple\2.0.7\slf4j-simple-2.0.7.jar;"/>
    <property name="java.vm.vendor" value="Oracle Corporation"/>
    <property name="sun.arch.data.model" value="64"/>
    <property name="user.variant" value=""/>
    <property name="java.vendor.url" value="https://openjdk.java.net/"/>
    <property name="user.timezone" value="Asia/Bangkok"/>
    <property name="java.vm.specification.version" value="11"/>
    <property name="os.name" value="Windows 11"/>
    <property name="sun.java.launcher" value="SUN_STANDARD"/>
    <property name="user.country" value="US"/>
    <property name="sun.boot.library.path" value="C:\Program Files\Java\jdk-11.0.17\bin"/>
    <property name="sun.java.command" value="C:\Users\ASUS\AppData\Local\Temp\surefire15951404635909820460\surefirebooter-20241010153420506_3.jar C:\Users\ASUS\AppData\Local\Temp\surefire15951404635909820460 2024-10-10T15-34-20_328-jvmRun1 surefire-20241010153420506_1tmp surefire_0-20241010153420506_2tmp"/>
    <property name="jdk.debug" value="release"/>
    <property name="surefire.test.class.path" value="C:\Users\ASUS\eclipse-workspace\CucumberJava\target\test-classes;C:\Users\ASUS\eclipse-workspace\CucumberJava\target\classes;C:\Users\ASUS\.m2\repository\io\cucumber\cucumber-java\7.17.0\cucumber-java-7.17.0.jar;C:\Users\ASUS\.m2\repository\io\cucumber\cucumber-core\7.17.0\cucumber-core-7.17.0.jar;C:\Users\ASUS\.m2\repository\io\cucumber\cucumber-gherkin\7.17.0\cucumber-gherkin-7.17.0.jar;C:\Users\ASUS\.m2\repository\io\cucumber\cucumber-gherkin-messages\7.17.0\cucumber-gherkin-messages-7.17.0.jar;C:\Users\ASUS\.m2\repository\io\cucumber\gherkin\28.0.0\gherkin-28.0.0.jar;C:\Users\ASUS\.m2\repository\io\cucumber\messages\24.1.0\messages-24.1.0.jar;C:\Users\ASUS\.m2\repository\io\cucumber\testng-xml-formatter\0.1.0\testng-xml-formatter-0.1.0.jar;C:\Users\ASUS\.m2\repository\io\cucumber\query\12.1.2\query-12.1.2.jar;C:\Users\ASUS\.m2\repository\io\cucumber\tag-expressions\6.1.0\tag-expressions-6.1.0.jar;C:\Users\ASUS\.m2\repository\io\cucumber\cucumber-expressions\17.1.0\cucumber-expressions-17.1.0.jar;C:\Users\ASUS\.m2\repository\io\cucumber\datatable\7.17.0\datatable-7.17.0.jar;C:\Users\ASUS\.m2\repository\io\cucumber\cucumber-plugin\7.17.0\cucumber-plugin-7.17.0.jar;C:\Users\ASUS\.m2\repository\io\cucumber\docstring\7.17.0\docstring-7.17.0.jar;C:\Users\ASUS\.m2\repository\io\cucumber\html-formatter\21.3.1\html-formatter-21.3.1.jar;C:\Users\ASUS\.m2\repository\io\cucumber\junit-xml-formatter\0.4.0\junit-xml-formatter-0.4.0.jar;C:\Users\ASUS\.m2\repository\io\cucumber\ci-environment\10.0.1\ci-environment-10.0.1.jar;C:\Users\ASUS\.m2\repository\org\apiguardian\apiguardian-api\1.1.2\apiguardian-api-1.1.2.jar;C:\Users\ASUS\.m2\repository\io\cucumber\cucumber-junit\7.17.0\cucumber-junit-7.17.0.jar;C:\Users\ASUS\.m2\repository\junit\junit\4.13.2\junit-4.13.2.jar;C:\Users\ASUS\.m2\repository\org\hamcrest\hamcrest-core\1.3\hamcrest-core-1.3.jar;C:\Users\ASUS\.m2\repository\org\seleniumhq\selenium\selenium-java\4.20.0\selenium-java-4.20.0.jar;C:\Users\ASUS\.m2\repository\org\seleniumhq\selenium\selenium-api\4.20.0\selenium-api-4.20.0.jar;C:\Users\ASUS\.m2\repository\org\seleniumhq\selenium\selenium-chrome-driver\4.20.0\selenium-chrome-driver-4.20.0.jar;C:\Users\ASUS\.m2\repository\com\google\auto\service\auto-service-annotations\1.1.1\auto-service-annotations-1.1.1.jar;C:\Users\ASUS\.m2\repository\org\seleniumhq\selenium\selenium-chromium-driver\4.20.0\selenium-chromium-driver-4.20.0.jar;C:\Users\ASUS\.m2\repository\org\seleniumhq\selenium\selenium-json\4.20.0\selenium-json-4.20.0.jar;C:\Users\ASUS\.m2\repository\org\seleniumhq\selenium\selenium-manager\4.20.0\selenium-manager-4.20.0.jar;C:\Users\ASUS\.m2\repository\org\seleniumhq\selenium\selenium-devtools-v122\4.20.0\selenium-devtools-v122-4.20.0.jar;C:\Users\ASUS\.m2\repository\org\seleniumhq\selenium\selenium-devtools-v123\4.20.0\selenium-devtools-v123-4.20.0.jar;C:\Users\ASUS\.m2\repository\org\seleniumhq\selenium\selenium-devtools-v124\4.20.0\selenium-devtools-v124-4.20.0.jar;C:\Users\ASUS\.m2\repository\org\seleniumhq\selenium\selenium-devtools-v85\4.20.0\selenium-devtools-v85-4.20.0.jar;C:\Users\ASUS\.m2\repository\org\seleniumhq\selenium\selenium-edge-driver\4.20.0\selenium-edge-driver-4.20.0.jar;C:\Users\ASUS\.m2\repository\org\seleniumhq\selenium\selenium-firefox-driver\4.20.0\selenium-firefox-driver-4.20.0.jar;C:\Users\ASUS\.m2\repository\org\seleniumhq\selenium\selenium-http\4.20.0\selenium-http-4.20.0.jar;C:\Users\ASUS\.m2\repository\dev\failsafe\failsafe\3.3.2\failsafe-3.3.2.jar;C:\Users\ASUS\.m2\repository\org\seleniumhq\selenium\selenium-ie-driver\4.20.0\selenium-ie-driver-4.20.0.jar;C:\Users\ASUS\.m2\repository\org\seleniumhq\selenium\selenium-remote-driver\4.20.0\selenium-remote-driver-4.20.0.jar;C:\Users\ASUS\.m2\repository\com\google\guava\guava\33.1.0-jre\guava-33.1.0-jre.jar;C:\Users\ASUS\.m2\repository\com\google\guava\failureaccess\1.0.2\failureaccess-1.0.2.jar;C:\Users\ASUS\.m2\repository\com\google\guava\listenablefuture\9999.0-empty-to-avoid-conflict-with-guava\listenablefuture-9999.0-empty-to-avoid-conflict-with-guava.jar;C:\Users\ASUS\.m2\repository\com\google\code\findbugs\jsr305\3.0.2\jsr305-3.0.2.jar;C:\Users\ASUS\.m2\repository\org\checkerframework\checker-qual\3.42.0\checker-qual-3.42.0.jar;C:\Users\ASUS\.m2\repository\com\google\errorprone\error_prone_annotations\2.26.1\error_prone_annotations-2.26.1.jar;C:\Users\ASUS\.m2\repository\com\google\j2objc\j2objc-annotations\3.0.0\j2objc-annotations-3.0.0.jar;C:\Users\ASUS\.m2\repository\io\opentelemetry\semconv\opentelemetry-semconv\1.25.0-alpha\opentelemetry-semconv-1.25.0-alpha.jar;C:\Users\ASUS\.m2\repository\io\opentelemetry\opentelemetry-api\1.37.0\opentelemetry-api-1.37.0.jar;C:\Users\ASUS\.m2\repository\io\opentelemetry\opentelemetry-context\1.37.0\opentelemetry-context-1.37.0.jar;C:\Users\ASUS\.m2\repository\io\opentelemetry\opentelemetry-exporter-logging\1.37.0\opentelemetry-exporter-logging-1.37.0.jar;C:\Users\ASUS\.m2\repository\io\opentelemetry\opentelemetry-sdk-common\1.37.0\opentelemetry-sdk-common-1.37.0.jar;C:\Users\ASUS\.m2\repository\io\opentelemetry\opentelemetry-sdk-extension-autoconfigure-spi\1.37.0\opentelemetry-sdk-extension-autoconfigure-spi-1.37.0.jar;C:\Users\ASUS\.m2\repository\io\opentelemetry\opentelemetry-sdk-extension-autoconfigure\1.37.0\opentelemetry-sdk-extension-autoconfigure-1.37.0.jar;C:\Users\ASUS\.m2\repository\io\opentelemetry\opentelemetry-api-incubator\1.37.0-alpha\opentelemetry-api-incubator-1.37.0-alpha.jar;C:\Users\ASUS\.m2\repository\io\opentelemetry\opentelemetry-sdk-trace\1.37.0\opentelemetry-sdk-trace-1.37.0.jar;C:\Users\ASUS\.m2\repository\io\opentelemetry\opentelemetry-sdk\1.37.0\opentelemetry-sdk-1.37.0.jar;C:\Users\ASUS\.m2\repository\io\opentelemetry\opentelemetry-sdk-metrics\1.37.0\opentelemetry-sdk-metrics-1.37.0.jar;C:\Users\ASUS\.m2\repository\io\opentelemetry\opentelemetry-sdk-logs\1.37.0\opentelemetry-sdk-logs-1.37.0.jar;C:\Users\ASUS\.m2\repository\net\bytebuddy\byte-buddy\1.14.14\byte-buddy-1.14.14.jar;C:\Users\ASUS\.m2\repository\org\seleniumhq\selenium\selenium-os\4.20.0\selenium-os-4.20.0.jar;C:\Users\ASUS\.m2\repository\org\apache\commons\commons-exec\1.4.0\commons-exec-1.4.0.jar;C:\Users\ASUS\.m2\repository\org\seleniumhq\selenium\selenium-safari-driver\4.20.0\selenium-safari-driver-4.20.0.jar;C:\Users\ASUS\.m2\repository\org\seleniumhq\selenium\selenium-support\4.20.0\selenium-support-4.20.0.jar;C:\Users\ASUS\.m2\repository\io\github\bonigarcia\webdrivermanager\5.8.0\webdrivermanager-5.8.0.jar;C:\Users\ASUS\.m2\repository\com\google\code\gson\gson\2.10.1\gson-2.10.1.jar;C:\Users\ASUS\.m2\repository\com\github\docker-java\docker-java\3.3.6\docker-java-3.3.6.jar;C:\Users\ASUS\.m2\repository\com\github\docker-java\docker-java-core\3.3.6\docker-java-core-3.3.6.jar;C:\Users\ASUS\.m2\repository\com\github\docker-java\docker-java-api\3.3.6\docker-java-api-3.3.6.jar;C:\Users\ASUS\.m2\repository\com\fasterxml\jackson\core\jackson-annotations\2.10.3\jackson-annotations-2.10.3.jar;C:\Users\ASUS\.m2\repository\com\fasterxml\jackson\core\jackson-databind\2.10.3\jackson-databind-2.10.3.jar;C:\Users\ASUS\.m2\repository\com\fasterxml\jackson\core\jackson-core\2.10.3\jackson-core-2.10.3.jar;C:\Users\ASUS\.m2\repository\org\bouncycastle\bcpkix-jdk18on\1.76\bcpkix-jdk18on-1.76.jar;C:\Users\ASUS\.m2\repository\org\bouncycastle\bcprov-jdk18on\1.76\bcprov-jdk18on-1.76.jar;C:\Users\ASUS\.m2\repository\org\bouncycastle\bcutil-jdk18on\1.76\bcutil-jdk18on-1.76.jar;C:\Users\ASUS\.m2\repository\org\slf4j\jcl-over-slf4j\1.7.30\jcl-over-slf4j-1.7.30.jar;C:\Users\ASUS\.m2\repository\com\github\docker-java\docker-java-transport-httpclient5\3.3.6\docker-java-transport-httpclient5-3.3.6.jar;C:\Users\ASUS\.m2\repository\com\github\docker-java\docker-java-transport\3.3.6\docker-java-transport-3.3.6.jar;C:\Users\ASUS\.m2\repository\net\java\dev\jna\jna\5.13.0\jna-5.13.0.jar;C:\Users\ASUS\.m2\repository\org\brotli\dec\0.1.2\dec-0.1.2.jar;C:\Users\ASUS\.m2\repository\org\apache\commons\commons-lang3\3.14.0\commons-lang3-3.14.0.jar;C:\Users\ASUS\.m2\repository\org\apache\commons\commons-compress\1.26.1\commons-compress-1.26.1.jar;C:\Users\ASUS\.m2\repository\commons-codec\commons-codec\1.16.1\commons-codec-1.16.1.jar;C:\Users\ASUS\.m2\repository\commons-io\commons-io\2.15.1\commons-io-2.15.1.jar;C:\Users\ASUS\.m2\repository\org\apache\httpcomponents\client5\httpclient5\5.2.1\httpclient5-5.2.1.jar;C:\Users\ASUS\.m2\repository\org\apache\httpcomponents\core5\httpcore5\5.2\httpcore5-5.2.jar;C:\Users\ASUS\.m2\repository\org\apache\httpcomponents\core5\httpcore5-h2\5.2\httpcore5-h2-5.2.jar;C:\Users\ASUS\.m2\repository\org\slf4j\slf4j-api\2.0.7\slf4j-api-2.0.7.jar;C:\Users\ASUS\.m2\repository\org\slf4j\slf4j-simple\2.0.7\slf4j-simple-2.0.7.jar;"/>
    <property name="sun.cpu.endian" value="little"/>
    <property name="user.home" value="C:\Users\ASUS"/>
    <property name="user.language" value="en"/>
    <property name="java.specification.vendor" value="Oracle Corporation"/>
    <property name="java.version.date" value="2022-10-18"/>
    <property name="java.home" value="C:\Program Files\Java\jdk-11.0.17"/>
    <property name="file.separator" value="\"/>
    <property name="basedir" value="C:\Users\ASUS\eclipse-workspace\CucumberJava"/>
    <property name="java.vm.compressedOopsMode" value="32-bit"/>
    <property name="line.separator" value="&#10;"/>
    <property name="java.specification.name" value="Java Platform API Specification"/>
    <property name="java.vm.specification.vendor" value="Oracle Corporation"/>
    <property name="java.awt.graphicsenv" value="sun.awt.Win32GraphicsEnvironment"/>
    <property name="surefire.real.class.path" value="C:\Users\ASUS\AppData\Local\Temp\surefire15951404635909820460\surefirebooter-20241010153420506_3.jar"/>
    <property name="user.script" value=""/>
    <property name="sun.management.compiler" value="HotSpot 64-Bit Tiered Compilers"/>
    <property name="java.runtime.version" value="11.0.17+10-LTS-269"/>
    <property name="user.name" value="ASUS"/>
    <property name="path.separator" value=";"/>
    <property name="os.version" value="10.0"/>
    <property name="java.runtime.name" value="Java(TM) SE Runtime Environment"/>
    <property name="file.encoding" value="Cp1252"/>
    <property name="java.vm.name" value="Java HotSpot(TM) 64-Bit Server VM"/>
    <property name="java.vendor.version" value="18.9"/>
    <property name="localRepository" value="C:\Users\ASUS\.m2\repository"/>
    <property name="java.vendor.url.bug" value="https://bugreport.java.com/bugreport/"/>
    <property name="java.io.tmpdir" value="C:\Users\ASUS\AppData\Local\Temp\"/>
    <property name="java.version" value="11.0.17"/>
    <property name="user.dir" value="C:\Users\ASUS\eclipse-workspace\CucumberJava"/>
    <property name="os.arch" value="amd64"/>
    <property name="java.vm.specification.name" value="Java Virtual Machine Specification"/>
    <property name="java.awt.printerjob" value="sun.awt.windows.WPrinterJob"/>
    <property name="sun.os.patch.level" value=""/>
    <property name="java.library.path" value="C:\Program Files\Java\jdk-11.0.17\bin;C:\WINDOWS\Sun\Java\bin;C:\WINDOWS\system32;C:\WINDOWS;C:/Users/ASUS/.p2/pool/plugins/org.eclipse.justj.openjdk.hotspot.jre.full.win32.x86_64_23.0.0.v20240919-1706/jre/bin/server;C:/Users/ASUS/.p2/pool/plugins/org.eclipse.justj.openjdk.hotspot.jre.full.win32.x86_64_23.0.0.v20240919-1706/jre/bin;C:\Python312\Scripts\;C:\Python312\;C:\Python311\Scripts\;C:\Python311\;C:\Program Files\Haskell\bin;C:\Program Files\Haskell Platform\8.6.5\lib\extralibs\bin;C:\Program Files\Haskell Platform\8.6.5\bin;C:\Windows\system32;C:\Windows;C:\Windows\System32\Wbem;C:\Windows\System32\WindowsPowerShell\v1.0\;C:\Windows\System32\OpenSSH\;C:\Program Files (x86)\NVIDIA Corporation\PhysX\Common;C:\Dwimperl\perl\bin;C:\Dwimperl\perl\site\bin;C:\Dwimperl\c\bin;C:\ProgramData\chocolatey\bin;C:\Program Files\Haskell Platform\8.6.5\mingw\bin;C:\Program;C:\Program Files\swipl\bin;C:\Ruby31-x64\bin;C:\Users\ASUS\AppData\Local\Packages\PythonSoftwareFoundation.Python.3.10_qbz5n2kfra8p0\;C:\WINDOWS\system32;C:\WINDOWS;C:\WINDOWS\System32\Wbem;C:\WINDOWS\System32\WindowsPowerShell\v1.0\;C:\WINDOWS\System32\OpenSSH\;C:\Program Files\CMake\bin;C:\Users\ASUS\AppData\Local\Packages\PythonSoftwareFoundation.Python.3.10_qbz5n2kfra8p0\LocalCache\local-packages\Python310\Scripts;D:\Git\cmd;C:\xampp\php;C:\Users\ASUS\OneDrive - Politeknik Negeri Bandung\Documents\KULIAH\SEM 5\Pengembangan Web\EksplorasiLaravel;C:\Program Files\Docker\Docker\resources\bin;C:\Program Files\PuTTY\;D:\apache-maven-4.0.0-alpha-12-bin\apache-maven-4.0.0-alpha-12\bin;C:\Program Files\Gradle\gradle-6.9.1\bin;C:\Program Files\Java\jdk-11.0.17\bin;C:\Program Files\Microsoft SQL Server\150\Tools\Binn\;C:\Program Files\Microsoft SQL Server\Client SDK\ODBC\170\Tools\Binn\;C:\Program Files\dotnet\;C:\Program Files\nodejs\;C:\Users\ASUS\AppData\Roaming\cabal\bin;C:\Users\ASUS\AppData\Roaming\local\bin;C:\Users\ASUS\AppData\Local\Microsoft\WindowsApps;C:\Strawberry\perl\bin;C:\Users\ASUS\AppData\Local\Programs\Microsoft VS Code\bin;C:\tools\ghc-9.4.2\bin;C:\tools\msys64;C:\Users\ASUS\AppData\Local\Packages\PythonSoftwareFoundation.Python.3.10_qbz5n2kfra8p0\;C:\Users\ASUS\AppData\Local\Packages\PythonSoftwareFoundation.Python.3.10_qbz5n2kfra8p0;C:\Users\ASUS\AppData\Local\ComposerSetup\bin;C:\Users\ASUS\AppData\Roaming\Composer\vendor\bin;D:\apache-maven-4.0.0-alpha-12-bin\apache-maven-4.0.0-alpha-12\bin;C:\Users\ASUS\.dotnet\tools;C:\Users\ASUS\AppData\Roaming\npm;D:\JetBrains\IntelliJ IDEA 2024.2.3\bin;;C:\Users\ASUS\OneDrive - Politeknik Negeri Bandung\Desktop;;."/>
    <property name="java.vendor" value="Oracle Corporation"/>
    <property name="java.vm.info" value="mixed mode"/>
    <property name="java.vm.version" value="11.0.17+10-LTS-269"/>
    <property name="sun.io.unicode.encoding" value="UnicodeLittle"/>
    <property name="java.class.version" value="55.0"/>
  </properties>
  <testcase name="Verify login page" classname="feature to test login functionality to Swag Labs" time="13.976">
    <system-out><![CDATA[
@Interface @TC01
Scenario: Verify login page                                                              # src/test/resources/Features/login.feature:8
Firefox browser initialized
  Given User has opened swag labs browser                                                # StepDefinitions.LoginSteps.user_has_opened_swag_labs_browser()
  Then There are fields for inputting username and password that have not been filled in # StepDefinitions.LoginSteps.there_are_fields_for_inputting_username_and_password_that_have_not_been_filled_in()
  And There is a Swag Labs logo name                                                     # StepDefinitions.LoginSteps.there_is_a_swag_labs_logo_name()
]]></system-out>
    <system-err><![CDATA[[main] INFO io.github.bonigarcia.wdm.WebDriverManager - Using geckodriver 0.35.0 (resolved driver for Firefox 131)
[main] INFO io.github.bonigarcia.wdm.WebDriverManager - Exporting webdriver.gecko.driver as C:\Users\ASUS\.cache\selenium\geckodriver\win64\0.35.0\geckodriver.exe
]]></system-err>
  </testcase>
  <testcase name="Verify if login is successful with valid credentials" classname="feature to test login functionality to Swag Labs" time="10.697">
    <system-out><![CDATA[
@TCID01
Scenario: Verify if login is successful with valid credentials               # src/test/resources/Features/login.feature:13
Firefox browser initialized
  Given User has opened swag labs browser                                    # StepDefinitions.LoginSteps.user_has_opened_swag_labs_browser()
  When User enter username as "standard_user" and password as "secret_sauce" # StepDefinitions.LoginSteps.user_enter_username_as_and_passwrod_as(java.lang.String,java.lang.String)
  And User click login button                                                # StepDefinitions.LoginSteps.user_click_login_button()
  Then User should be able to see Dashboard Page                             # StepDefinitions.LoginSteps.user_should_be_able_to_see_dashboard_page()
]]></system-out>
    <system-err><![CDATA[[main] INFO io.github.bonigarcia.wdm.WebDriverManager - Using geckodriver 0.35.0 (resolved driver for Firefox 131)
[main] INFO io.github.bonigarcia.wdm.WebDriverManager - Exporting webdriver.gecko.driver as C:\Users\ASUS\.cache\selenium\geckodriver\win64\0.35.0\geckodriver.exe
]]></system-err>
  </testcase>
  <testcase name="Verify if login is unsuccessful with invalid credentials #1" classname="feature to test login functionality to Swag Labs" time="8.853">
    <system-out><![CDATA[
@TCID01
Scenario Outline: Verify if login is unsuccessful with invalid credentials # src/test/resources/Features/login.feature:29
Firefox browser initialized
  Given User has opened swag labs browser                                  # StepDefinitions.LoginSteps.user_has_opened_swag_labs_browser()
  When User enter username as "standard_user" and password as ""           # StepDefinitions.LoginSteps.user_enter_username_as_and_passwrod_as(java.lang.String,java.lang.String)
  And User click login button                                              # StepDefinitions.LoginSteps.user_click_login_button()
  Then Showing symbol red x in the "password"                              # StepDefinitions.LoginSteps.showing_symbol_red_x_in_the(java.lang.String)
  And Showing Error message "Epic sadface: Password is required"           # StepDefinitions.LoginSteps.showing_error_message(java.lang.String)
  And Stay on the login page                                               # StepDefinitions.LoginSteps.stay_on_the_login_page()
  And The label and border in the "password" field are red                 # StepDefinitions.LoginSteps.the_label_and_border_in_the_field_are_red(java.lang.String)
]]></system-out>
    <system-err><![CDATA[[main] INFO io.github.bonigarcia.wdm.WebDriverManager - Using geckodriver 0.35.0 (resolved driver for Firefox 131)
[main] INFO io.github.bonigarcia.wdm.WebDriverManager - Exporting webdriver.gecko.driver as C:\Users\ASUS\.cache\selenium\geckodriver\win64\0.35.0\geckodriver.exe
]]></system-err>
  </testcase>
  <testcase name="Verify if login is unsuccessful with invalid credentials #2" classname="feature to test login functionality to Swag Labs" time="9.474">
    <system-out><![CDATA[
@TCID01
Scenario Outline: Verify if login is unsuccessful with invalid credentials # src/test/resources/Features/login.feature:30
Firefox browser initialized
  Given User has opened swag labs browser                                  # StepDefinitions.LoginSteps.user_has_opened_swag_labs_browser()
  When User enter username as "" and password as "secret_sauce"            # StepDefinitions.LoginSteps.user_enter_username_as_and_passwrod_as(java.lang.String,java.lang.String)
  And User click login button                                              # StepDefinitions.LoginSteps.user_click_login_button()
  Then Showing symbol red x in the "username"                              # StepDefinitions.LoginSteps.showing_symbol_red_x_in_the(java.lang.String)
  And Showing Error message "Epic sadface: Username is required"           # StepDefinitions.LoginSteps.showing_error_message(java.lang.String)
  And Stay on the login page                                               # StepDefinitions.LoginSteps.stay_on_the_login_page()
  And The label and border in the "username" field are red                 # StepDefinitions.LoginSteps.the_label_and_border_in_the_field_are_red(java.lang.String)
]]></system-out>
    <system-err><![CDATA[[main] INFO io.github.bonigarcia.wdm.WebDriverManager - Using geckodriver 0.35.0 (resolved driver for Firefox 131)
[main] INFO io.github.bonigarcia.wdm.WebDriverManager - Exporting webdriver.gecko.driver as C:\Users\ASUS\.cache\selenium\geckodriver\win64\0.35.0\geckodriver.exe
]]></system-err>
  </testcase>
  <testcase name="Verify if login is unsuccessful with invalid credentials #3" classname="feature to test login functionality to Swag Labs" time="8.508">
    <system-out><![CDATA[
@TCID01
Scenario Outline: Verify if login is unsuccessful with invalid credentials # src/test/resources/Features/login.feature:31
Firefox browser initialized
  Given User has opened swag labs browser                                  # StepDefinitions.LoginSteps.user_has_opened_swag_labs_browser()
  When User enter username as "" and password as ""                        # StepDefinitions.LoginSteps.user_enter_username_as_and_passwrod_as(java.lang.String,java.lang.String)
  And User click login button                                              # StepDefinitions.LoginSteps.user_click_login_button()
  Then Showing symbol red x in the "both"                                  # StepDefinitions.LoginSteps.showing_symbol_red_x_in_the(java.lang.String)
  And Showing Error message "Epic sadface: Username is required"           # StepDefinitions.LoginSteps.showing_error_message(java.lang.String)
  And Stay on the login page                                               # StepDefinitions.LoginSteps.stay_on_the_login_page()
  And The label and border in the "both" field are red                     # StepDefinitions.LoginSteps.the_label_and_border_in_the_field_are_red(java.lang.String)
]]></system-out>
    <system-err><![CDATA[[main] INFO io.github.bonigarcia.wdm.WebDriverManager - Using geckodriver 0.35.0 (resolved driver for Firefox 131)
[main] INFO io.github.bonigarcia.wdm.WebDriverManager - Exporting webdriver.gecko.driver as C:\Users\ASUS\.cache\selenium\geckodriver\win64\0.35.0\geckodriver.exe
]]></system-err>
  </testcase>
  <testcase name="Verify if login is unsuccessful with invalid credentials #4" classname="feature to test login functionality to Swag Labs" time="9.0">
    <system-out><![CDATA[
@TCID01
Scenario Outline: Verify if login is unsuccessful with invalid credentials                              # src/test/resources/Features/login.feature:32
Firefox browser initialized
  Given User has opened swag labs browser                                                               # StepDefinitions.LoginSteps.user_has_opened_swag_labs_browser()
  When User enter username as "standard_user" and password as "secret"                                  # StepDefinitions.LoginSteps.user_enter_username_as_and_passwrod_as(java.lang.String,java.lang.String)
  And User click login button                                                                           # StepDefinitions.LoginSteps.user_click_login_button()
  Then Showing symbol red x in the "both"                                                               # StepDefinitions.LoginSteps.showing_symbol_red_x_in_the(java.lang.String)
  And Showing Error message "Epic sadface: Username and password do not match any user in this service" # StepDefinitions.LoginSteps.showing_error_message(java.lang.String)
  And Stay on the login page                                                                            # StepDefinitions.LoginSteps.stay_on_the_login_page()
  And The label and border in the "both" field are red                                                  # StepDefinitions.LoginSteps.the_label_and_border_in_the_field_are_red(java.lang.String)
]]></system-out>
    <system-err><![CDATA[[main] INFO io.github.bonigarcia.wdm.WebDriverManager - Using geckodriver 0.35.0 (resolved driver for Firefox 131)
[main] INFO io.github.bonigarcia.wdm.WebDriverManager - Exporting webdriver.gecko.driver as C:\Users\ASUS\.cache\selenium\geckodriver\win64\0.35.0\geckodriver.exe
]]></system-err>
  </testcase>
  <testcase name="Verify if login is unsuccessful with invalid credentials #5" classname="feature to test login functionality to Swag Labs" time="8.524">
    <system-out><![CDATA[
@TCID01
Scenario Outline: Verify if login is unsuccessful with invalid credentials                              # src/test/resources/Features/login.feature:33
Firefox browser initialized
  Given User has opened swag labs browser                                                               # StepDefinitions.LoginSteps.user_has_opened_swag_labs_browser()
  When User enter username as "standarda" and password as "secret_user"                                 # StepDefinitions.LoginSteps.user_enter_username_as_and_passwrod_as(java.lang.String,java.lang.String)
  And User click login button                                                                           # StepDefinitions.LoginSteps.user_click_login_button()
  Then Showing symbol red x in the "both"                                                               # StepDefinitions.LoginSteps.showing_symbol_red_x_in_the(java.lang.String)
  And Showing Error message "Epic sadface: Username and password do not match any user in this service" # StepDefinitions.LoginSteps.showing_error_message(java.lang.String)
  And Stay on the login page                                                                            # StepDefinitions.LoginSteps.stay_on_the_login_page()
  And The label and border in the "both" field are red                                                  # StepDefinitions.LoginSteps.the_label_and_border_in_the_field_are_red(java.lang.String)
]]></system-out>
    <system-err><![CDATA[[main] INFO io.github.bonigarcia.wdm.WebDriverManager - Using geckodriver 0.35.0 (resolved driver for Firefox 131)
[main] INFO io.github.bonigarcia.wdm.WebDriverManager - Exporting webdriver.gecko.driver as C:\Users\ASUS\.cache\selenium\geckodriver\win64\0.35.0\geckodriver.exe
]]></system-err>
  </testcase>
  <testcase name="Verify if login is unsuccessful with invalid credentials #6" classname="feature to test login functionality to Swag Labs" time="8.483">
    <system-out><![CDATA[
@TCID01
Scenario Outline: Verify if login is unsuccessful with invalid credentials                              # src/test/resources/Features/login.feature:34
Firefox browser initialized
  Given User has opened swag labs browser                                                               # StepDefinitions.LoginSteps.user_has_opened_swag_labs_browser()
  When User enter username as "standard" and password as "secret"                                       # StepDefinitions.LoginSteps.user_enter_username_as_and_passwrod_as(java.lang.String,java.lang.String)
  And User click login button                                                                           # StepDefinitions.LoginSteps.user_click_login_button()
  Then Showing symbol red x in the "both"                                                               # StepDefinitions.LoginSteps.showing_symbol_red_x_in_the(java.lang.String)
  And Showing Error message "Epic sadface: Username and password do not match any user in this service" # StepDefinitions.LoginSteps.showing_error_message(java.lang.String)
  And Stay on the login page                                                                            # StepDefinitions.LoginSteps.stay_on_the_login_page()
  And The label and border in the "both" field are red                                                  # StepDefinitions.LoginSteps.the_label_and_border_in_the_field_are_red(java.lang.String)
]]></system-out>
    <system-err><![CDATA[[main] INFO io.github.bonigarcia.wdm.WebDriverManager - Using geckodriver 0.35.0 (resolved driver for Firefox 131)
[main] INFO io.github.bonigarcia.wdm.WebDriverManager - Exporting webdriver.gecko.driver as C:\Users\ASUS\.cache\selenium\geckodriver\win64\0.35.0\geckodriver.exe
]]></system-err>
  </testcase>
</testsuite>